<?xml version="1.0" encoding="UTF-8"?>
<!-- Generated by org.testng.reporters.JUnitXMLReporter -->
<testsuite ignored="1" hostname="LAPTOP-NCNC6016" failures="0" tests="1" name="Default test" time="28.36" errors="0" timestamp="2025-12-29T23:50:16 IST">
  <testcase classname="org.rahulshettyacademy.AndroidTests.Ecommerce_tc1" name="fillform_PositiveFlow" time="19.23"/>
  <testcase classname="org.rahulshettyacademy.AndroidTests.Ecommerce_tc1" name="fillform_ErrorValidation" time="0.0">
    <ignored/>
  </testcase> <!-- fillform_ErrorValidation -->
</testsuite> <!-- Default test -->
