<?xml version="1.0" encoding="UTF-8"?>
<!-- Generated by org.testng.reporters.JUnitXMLReporter -->
<testsuite ignored="2" hostname="LAPTOP-NCNC6016" failures="0" tests="0" time="0.001" errors="0" timestamp="2026-01-02T18:45:20 IST">
  <testcase classname="org.rahulshettyacademy.AndroidTests.Ecommerce_tc1" name="fillform_ErrorValidation" time="0.0">
    <ignored/>
  </testcase> <!-- fillform_ErrorValidation -->
  <testcase classname="org.rahulshettyacademy.AndroidTests.Ecommerce_tc1" name="fillform_PositiveFlow" time="0.0">
    <ignored/>
  </testcase> <!-- fillform_PositiveFlow -->
</testsuite>
