<?xml version="1.0" encoding="UTF-8"?>
<!-- Generated by org.testng.reporters.JUnitXMLReporter -->
<testsuite ignored="0" hostname="LAPTOP-NCNC6016" failures="0" tests="2" name="ErrorValidations test" time="31.855" errors="0" timestamp="2025-12-30T00:02:18 IST">
  <testcase classname="org.rahulshettyacademy.AndroidTests.Ecommerce_tc1" name="fillform_ErrorValidation" time="8.231"/>
  <testcase classname="org.rahulshettyacademy.AndroidTests.Ecommerce_tc1" name="fillform_PositiveFlow" time="15.684"/>
</testsuite> <!-- ErrorValidations test -->
