<?xml version="1.0" encoding="UTF-8"?>
<testng-results ignored="0" total="3" passed="3" failed="0" skipped="0">
  <reporter-output>
  </reporter-output>
  <suite started-at="2025-12-30T00:01:14 IST" name="Suite" finished-at="2025-12-30T00:02:18 IST" duration-ms="63603">
    <groups>
    </groups>
    <test started-at="2025-12-30T00:01:14 IST" name="E2EFrameWorkTest" finished-at="2025-12-30T00:01:46 IST" duration-ms="31527">
      <class name="org.rahulshettyacademy.AndroidTests.Ecommerce_tc3_hybrid">
        <test-method is-config="true" signature="configureAppium()[pri:0, instance:org.rahulshettyacademy.AndroidTests.Ecommerce_tc3_hybrid@36804139]" started-at="2025-12-30T00:01:14 IST" name="configureAppium" finished-at="2025-12-30T00:01:23 IST" duration-ms="8356" status="PASS">
          <reporter-output>
          </reporter-output>
        </test-method> <!-- configureAppium -->
        <test-method is-config="true" signature="preSetup()[pri:0, instance:org.rahulshettyacademy.AndroidTests.Ecommerce_tc3_hybrid@36804139]" started-at="2025-12-30T00:01:23 IST" name="preSetup" finished-at="2025-12-30T00:01:23 IST" duration-ms="133" status="PASS">
          <reporter-output>
          </reporter-output>
        </test-method> <!-- preSetup -->
        <test-method signature="fillform(java.lang.String,java.lang.String,java.lang.String)[pri:0, instance:org.rahulshettyacademy.AndroidTests.Ecommerce_tc3_hybrid@36804139]" started-at="2025-12-30T00:01:23 IST" name="fillform" data-provider="getData" finished-at="2025-12-30T00:01:44 IST" duration-ms="21301" status="PASS">
          <params>
            <param index="0">
              <value>
                <![CDATA[Aravind ]]>
              </value>
            </param>
            <param index="1">
              <value>
                <![CDATA[female]]>
              </value>
            </param>
            <param index="2">
              <value>
                <![CDATA[Argentina]]>
              </value>
            </param>
          </params>
          <reporter-output>
          </reporter-output>
        </test-method> <!-- fillform -->
        <test-method is-config="true" signature="tearDown()[pri:0, instance:org.rahulshettyacademy.AndroidTests.Ecommerce_tc3_hybrid@36804139]" started-at="2025-12-30T00:01:44 IST" name="tearDown" finished-at="2025-12-30T00:01:46 IST" duration-ms="1700" status="PASS">
          <reporter-output>
          </reporter-output>
        </test-method> <!-- tearDown -->
      </class> <!-- org.rahulshettyacademy.AndroidTests.Ecommerce_tc3_hybrid -->
    </test> <!-- E2EFrameWorkTest -->
    <test started-at="2025-12-30T00:01:46 IST" name="ErrorValidations test" finished-at="2025-12-30T00:02:18 IST" duration-ms="31855">
      <class name="org.rahulshettyacademy.AndroidTests.Ecommerce_tc1">
        <test-method is-config="true" signature="configureAppium()[pri:0, instance:org.rahulshettyacademy.AndroidTests.Ecommerce_tc1@4bff7da0]" started-at="2025-12-30T00:01:46 IST" name="configureAppium" finished-at="2025-12-30T00:01:53 IST" duration-ms="6759" status="PASS">
          <reporter-output>
          </reporter-output>
        </test-method> <!-- configureAppium -->
        <test-method is-config="true" signature="preSetup()[pri:0, instance:org.rahulshettyacademy.AndroidTests.Ecommerce_tc1@4bff7da0]" started-at="2025-12-30T00:01:53 IST" name="preSetup" finished-at="2025-12-30T00:01:53 IST" duration-ms="136" status="PASS">
          <reporter-output>
          </reporter-output>
        </test-method> <!-- preSetup -->
        <test-method signature="fillform_ErrorValidation()[pri:0, instance:org.rahulshettyacademy.AndroidTests.Ecommerce_tc1@4bff7da0]" started-at="2025-12-30T00:01:53 IST" name="fillform_ErrorValidation" finished-at="2025-12-30T00:02:01 IST" duration-ms="8231" status="PASS">
          <reporter-output>
          </reporter-output>
        </test-method> <!-- fillform_ErrorValidation -->
        <test-method is-config="true" signature="preSetup()[pri:0, instance:org.rahulshettyacademy.AndroidTests.Ecommerce_tc1@4bff7da0]" started-at="2025-12-30T00:02:01 IST" name="preSetup" finished-at="2025-12-30T00:02:01 IST" duration-ms="159" status="PASS">
          <reporter-output>
          </reporter-output>
        </test-method> <!-- preSetup -->
        <test-method signature="fillform_PositiveFlow()[pri:0, instance:org.rahulshettyacademy.AndroidTests.Ecommerce_tc1@4bff7da0]" started-at="2025-12-30T00:02:01 IST" name="fillform_PositiveFlow" finished-at="2025-12-30T00:02:17 IST" duration-ms="15684" status="PASS">
          <reporter-output>
          </reporter-output>
        </test-method> <!-- fillform_PositiveFlow -->
        <test-method is-config="true" signature="tearDown()[pri:0, instance:org.rahulshettyacademy.AndroidTests.Ecommerce_tc1@4bff7da0]" started-at="2025-12-30T00:02:17 IST" name="tearDown" finished-at="2025-12-30T00:02:18 IST" duration-ms="878" status="PASS">
          <reporter-output>
          </reporter-output>
        </test-method> <!-- tearDown -->
      </class> <!-- org.rahulshettyacademy.AndroidTests.Ecommerce_tc1 -->
    </test> <!-- ErrorValidations test -->
  </suite> <!-- Suite -->
</testng-results>
