<?xml version="1.0" encoding="UTF-8"?>
<testng-results ignored="0" total="1" passed="1" failed="0" skipped="0">
  <reporter-output>
  </reporter-output>
  <suite started-at="2025-12-27T23:02:59 IST" name="Default suite" finished-at="2025-12-27T23:03:28 IST" duration-ms="29473">
    <groups>
    </groups>
    <test started-at="2025-12-27T23:02:59 IST" name="Default test" finished-at="2025-12-27T23:03:28 IST" duration-ms="29473">
      <class name="org.rahulshettyacademy.AndroidTests.Ecommerce_tc3_hybrid">
        <test-method is-config="true" signature="configureAppium()[pri:0, instance:org.rahulshettyacademy.AndroidTests.Ecommerce_tc3_hybrid@14cd1699]" started-at="2025-12-27T23:02:59 IST" name="configureAppium" finished-at="2025-12-27T23:03:07 IST" duration-ms="8423" status="PASS">
          <reporter-output>
          </reporter-output>
        </test-method> <!-- configureAppium -->
        <test-method signature="fillform()[pri:0, instance:org.rahulshettyacademy.AndroidTests.Ecommerce_tc3_hybrid@14cd1699]" started-at="2025-12-27T23:03:07 IST" name="fillform" finished-at="2025-12-27T23:03:27 IST" duration-ms="19919" status="PASS">
          <reporter-output>
          </reporter-output>
        </test-method> <!-- fillform -->
        <test-method is-config="true" signature="tearDown()[pri:0, instance:org.rahulshettyacademy.AndroidTests.Ecommerce_tc3_hybrid@14cd1699]" started-at="2025-12-27T23:03:27 IST" name="tearDown" finished-at="2025-12-27T23:03:28 IST" duration-ms="1069" status="PASS">
          <reporter-output>
          </reporter-output>
        </test-method> <!-- tearDown -->
      </class> <!-- org.rahulshettyacademy.AndroidTests.Ecommerce_tc3_hybrid -->
    </test> <!-- Default test -->
  </suite> <!-- Default suite -->
</testng-results>
