<?xml version="1.0" encoding="UTF-8"?>
<!-- Generated by org.testng.reporters.JUnitReportReporter -->
<testsuite hostname="LAPTOP-NCNC6016" failures="0" tests="2" name="org.rahulshettyacademy.AndroidTests.Ecommerce_tc1" time="24.291" errors="0" timestamp="2026-01-02T18:41:28 IST" skipped="0">
  <testcase classname="org.rahulshettyacademy.AndroidTests.Ecommerce_tc1" name="fillform_ErrorValidation" time="8.317"/>
  <testcase classname="org.rahulshettyacademy.AndroidTests.Ecommerce_tc1" name="fillform_PositiveFlow" time="15.974"/>
</testsuite> <!-- org.rahulshettyacademy.AndroidTests.Ecommerce_tc1 -->
