<?xml version="1.0" encoding="UTF-8"?>
<!-- Generated by org.testng.reporters.JUnitReportReporter -->
<testsuite hostname="LAPTOP-NCNC6016" failures="0" tests="2" name="org.rahulshettyacademy.AndroidTests.Ecommerce_tc1" time="24.210" errors="0" timestamp="2025-12-30T00:02:18 IST" skipped="0">
  <testcase classname="org.rahulshettyacademy.AndroidTests.Ecommerce_tc1" name="fillform_ErrorValidation" time="8.367"/>
  <testcase classname="org.rahulshettyacademy.AndroidTests.Ecommerce_tc1" name="fillform_PositiveFlow" time="15.843"/>
</testsuite> <!-- org.rahulshettyacademy.AndroidTests.Ecommerce_tc1 -->
